Using pre-set license
Built from '2020.3/staging' branch; Version is '2020.3.17f1 (a4537701e4ab) revision 10769271'; Using compiler version '192528614'; Build Type 'Release'
OS: 'Windows 10 Pro; OS build 19041.1165; Version 2004; 64bit' Language: 'zh' Physical Memory: 16222 MB
BatchMode: 1, IsHumanControllingUs: 0, StartBugReporterOnCrash: 0, Is64bit: 1, IsPro: 0

COMMAND LINE ARGUMENTS:
E:\Program Files\unity\2020.3.17f1\Editor\Unity.exe
-adb2
-batchMode
-noUpm
-name
AssetImportWorker0
-projectPath
C:/Users/殷/井字棋
-logFile
Logs/AssetImportWorker0.log
-srvPort
59054
Successfully changed project path to: C:/Users/殷/井字棋
C:/Users/殷/井字棋
Using Asset Import Pipeline V2.
Refreshing native plugins compatible for Editor in 43.24 ms, found 2 plugins.
Preloading 0 native plugins for Editor in 0.00 ms.
Initialize engine version: 2020.3.17f1 (a4537701e4ab)
[Subsystems] Discovering subsystems at path E:/Program Files/unity/2020.3.17f1/Editor/Data/Resources/UnitySubsystems
[Subsystems] Discovering subsystems at path C:/Users/殷/井字棋/Assets
GfxDevice: creating device client; threaded=0
Direct3D:
    Version:  Direct3D 11.0 [level 11.1]
    Renderer: NVIDIA GeForce GTX 1660 Ti (ID=0x2191)
    Vendor:   
    VRAM:     5991 MB
    Driver:   30.0.14.7111
Initialize mono
Mono path[0] = 'E:/Program Files/unity/2020.3.17f1/Editor/Data/Managed'
Mono path[1] = 'E:/Program Files/unity/2020.3.17f1/Editor/Data/MonoBleedingEdge/lib/mono/unityjit'
Mono config path = 'E:/Program Files/unity/2020.3.17f1/Editor/Data/MonoBleedingEdge/etc'
Using monoOptions --debugger-agent=transport=dt_socket,embedding=1,server=y,suspend=n,address=127.0.0.1:56316
Begin MonoManager ReloadAssembly
Registering precompiled unity dll's ...
Register platform support module: E:/Program Files/unity/2020.3.17f1/Editor/Data/PlaybackEngines/WindowsStandaloneSupport/UnityEditor.WindowsStandalone.Extensions.dll
Registered in 0.000998 seconds.
Native extension for WindowsStandalone target not found
Refreshing native plugins compatible for Editor in 165.78 ms, found 2 plugins.
Preloading 0 native plugins for Editor in 0.00 ms.
Mono: successfully reloaded assembly
- Completed reload, in  1.817 seconds
Domain Reload Profiling:
	ReloadAssembly (1817ms)
		BeginReloadAssembly (86ms)
			ExecutionOrderSort (0ms)
			DisableScriptedObjects (0ms)
			BackupInstance (0ms)
			ReleaseScriptingObjects (0ms)
			CreateAndSetChildDomain (1ms)
		EndReloadAssembly (853ms)
			LoadAssemblies (85ms)
			RebuildTransferFunctionScriptingTraits (0ms)
			SetupTypeCache (254ms)
			ReleaseScriptCaches (0ms)
			RebuildScriptCaches (103ms)
			SetupLoadedEditorAssemblies (360ms)
				LogAssemblyErrors (0ms)
				InitializePlatformSupportModulesInManaged (6ms)
				SetLoadedEditorAssemblies (0ms)
				RefreshPlugins (166ms)
				BeforeProcessingInitializeOnLoad (27ms)
				ProcessInitializeOnLoadAttributes (126ms)
				ProcessInitializeOnLoadMethodAttributes (34ms)
				AfterProcessingInitializeOnLoad (0ms)
				EditorAssembliesLoaded (0ms)
			ExecutionOrderSort2 (0ms)
			AwakeInstancesAfterBackupRestoration (0ms)
Platform modules already initialized, skipping
Registering precompiled user dll's ...
Registered in 0.004541 seconds.
Begin MonoManager ReloadAssembly
Native extension for WindowsStandalone target not found
Refreshing native plugins compatible for Editor in 0.63 ms, found 2 plugins.
Preloading 0 native plugins for Editor in 0.00 ms.
Mono: successfully reloaded assembly
- Completed reload, in  1.351 seconds
Domain Reload Profiling:
	ReloadAssembly (1352ms)
		BeginReloadAssembly (184ms)
			ExecutionOrderSort (0ms)
			DisableScriptedObjects (6ms)
			BackupInstance (0ms)
			ReleaseScriptingObjects (0ms)
			CreateAndSetChildDomain (20ms)
		EndReloadAssembly (1105ms)
			LoadAssemblies (98ms)
			RebuildTransferFunctionScriptingTraits (0ms)
			SetupTypeCache (375ms)
			ReleaseScriptCaches (1ms)
			RebuildScriptCaches (45ms)
			SetupLoadedEditorAssemblies (445ms)
				LogAssemblyErrors (0ms)
				InitializePlatformSupportModulesInManaged (11ms)
				SetLoadedEditorAssemblies (3ms)
				RefreshPlugins (1ms)
				BeforeProcessingInitializeOnLoad (75ms)
				ProcessInitializeOnLoadAttributes (349ms)
				ProcessInitializeOnLoadMethodAttributes (4ms)
				AfterProcessingInitializeOnLoad (2ms)
				EditorAssembliesLoaded (0ms)
			ExecutionOrderSort2 (0ms)
			AwakeInstancesAfterBackupRestoration (7ms)
Platform modules already initialized, skipping
========================================================================
Worker process is ready to serve import requests
Launched and connected shader compiler UnityShaderCompiler.exe after 0.07 seconds
Refreshing native plugins compatible for Editor in 0.33 ms, found 2 plugins.
Preloading 0 native plugins for Editor in 0.00 ms.
Unloading 1398 Unused Serialized files (Serialized files now loaded: 0)
System memory in use before: 64.8 MB.
System memory in use after: 64.9 MB.

Unloading 18 unused Assets to reduce memory usage. Loaded Objects now: 1831.
Total: 2.959200 ms (FindLiveObjects: 0.172300 ms CreateObjectMapping: 0.048700 ms MarkObjects: 2.669500 ms  DeleteObjects: 0.067600 ms)

AssetImportParameters requested are different than current active one (requested -> active):
  custom:framework-win-MediaFoundation: 216162199b28c13a410421893ffa2e32 -> 
  custom:video-decoder-ogg-theora: a1e56fd34408186e4bbccfd4996cb3dc -> 
  custom:container-muxer-webm: aa71ff27fc2769a1b78a27578f13a17b -> 
  custom:container-demuxer-webm: 4f35f7cbe854078d1ac9338744f61a02 -> 
  custom:container-demuxer-ogg: 62fdf1f143b41e24485cea50d1cbac27 -> 
  custom:video-encoder-webm-vp8: eb34c28f22e8b96e1ab97ce403110664 -> 
  custom:video-decoder-webm-vp8: 9c59270c3fd7afecdb556c50c9e8de78 -> 
  custom:audio-decoder-ogg-vorbis: bf7c407c2cedff20999df2af8eb42d56 -> 
  custom:audio-encoder-webm-vorbis: bf7c407c2cedff20999df2af8eb42d56 -> 
========================================================================
Received Import Request.
  path: Assets/tictactoe.cs
  artifactKey: Guid(34e51a786787181458d7cf0e21384b27) Importer(815301076,1909f56bfc062723c751e8b465ee728b)
Start importing Assets/tictactoe.cs using Guid(34e51a786787181458d7cf0e21384b27) Importer(815301076,1909f56bfc062723c751e8b465ee728b)  -> (artifact id: '00000000000000000000000000000000') in 0.045629 seconds  code(4) message(Build asset version error: assets/tictactoe.cs in SourceAssetDB has modification time of '2021-09-18T09:04:56.6970548Z' while content on disk has modification time of '2021-09-18T11:21:38.5979468Z')
  ERROR: Build asset version error: assets/tictactoe.cs in SourceAssetDB has modification time of '2021-09-18T09:04:56.6970548Z' while content on disk has modification time of '2021-09-18T11:21:38.5979468Z'
  Import took 0.047871 seconds .

========================================================================
Received Import Request.
  Time since last request: 0.111598 seconds.
  path: Assets/tictactoe.cs
  artifactKey: Guid(34e51a786787181458d7cf0e21384b27) Importer(815301076,1909f56bfc062723c751e8b465ee728b)
Start importing Assets/tictactoe.cs using Guid(34e51a786787181458d7cf0e21384b27) Importer(815301076,1909f56bfc062723c751e8b465ee728b)  -> (artifact id: '00000000000000000000000000000000') in 0.000284 seconds  code(4) message(Build asset version error: assets/tictactoe.cs in SourceAssetDB has modification time of '2021-09-18T09:04:56.6970548Z' while content on disk has modification time of '2021-09-18T11:21:38.5979468Z')
  ERROR: Build asset version error: assets/tictactoe.cs in SourceAssetDB has modification time of '2021-09-18T09:04:56.6970548Z' while content on disk has modification time of '2021-09-18T11:21:38.5979468Z'
  Import took 0.002008 seconds .

========================================================================
Received Import Request.
  Time since last request: 0.019515 seconds.
  path: Assets/tictactoe.cs
  artifactKey: Guid(34e51a786787181458d7cf0e21384b27) Importer(815301076,1909f56bfc062723c751e8b465ee728b)
Start importing Assets/tictactoe.cs using Guid(34e51a786787181458d7cf0e21384b27) Importer(815301076,1909f56bfc062723c751e8b465ee728b)  -> (artifact id: '00000000000000000000000000000000') in 0.000645 seconds  code(4) message(Build asset version error: assets/tictactoe.cs in SourceAssetDB has modification time of '2021-09-18T09:04:56.6970548Z' while content on disk has modification time of '2021-09-18T11:21:38.5979468Z')
  ERROR: Build asset version error: assets/tictactoe.cs in SourceAssetDB has modification time of '2021-09-18T09:04:56.6970548Z' while content on disk has modification time of '2021-09-18T11:21:38.5979468Z'
  Import took 0.005956 seconds .

========================================================================
Received Import Request.
  Time since last request: 0.012838 seconds.
  path: Assets/tictactoe.cs
  artifactKey: Guid(34e51a786787181458d7cf0e21384b27) Importer(815301076,1909f56bfc062723c751e8b465ee728b)
Start importing Assets/tictactoe.cs using Guid(34e51a786787181458d7cf0e21384b27) Importer(815301076,1909f56bfc062723c751e8b465ee728b)  -> (artifact id: '00000000000000000000000000000000') in 0.000350 seconds  code(4) message(Build asset version error: assets/tictactoe.cs in SourceAssetDB has modification time of '2021-09-18T09:04:56.6970548Z' while content on disk has modification time of '2021-09-18T11:21:38.5979468Z')
  ERROR: Build asset version error: assets/tictactoe.cs in SourceAssetDB has modification time of '2021-09-18T09:04:56.6970548Z' while content on disk has modification time of '2021-09-18T11:21:38.5979468Z'
  Import took 0.002632 seconds .

========================================================================
Received Import Request.
  Time since last request: 0.017622 seconds.
  path: Assets/tictactoe.cs
  artifactKey: Guid(34e51a786787181458d7cf0e21384b27) Importer(815301076,1909f56bfc062723c751e8b465ee728b)
Start importing Assets/tictactoe.cs using Guid(34e51a786787181458d7cf0e21384b27) Importer(815301076,1909f56bfc062723c751e8b465ee728b)  -> (artifact id: '00000000000000000000000000000000') in 0.000299 seconds  code(4) message(Build asset version error: assets/tictactoe.cs in SourceAssetDB has modification time of '2021-09-18T09:04:56.6970548Z' while content on disk has modification time of '2021-09-18T11:21:38.5979468Z')
  ERROR: Build asset version error: assets/tictactoe.cs in SourceAssetDB has modification time of '2021-09-18T09:04:56.6970548Z' while content on disk has modification time of '2021-09-18T11:21:38.5979468Z'
  Import took 0.002641 seconds .

========================================================================
Received Import Request.
  Time since last request: 0.016427 seconds.
  path: Assets/tictactoe.cs
  artifactKey: Guid(34e51a786787181458d7cf0e21384b27) Importer(815301076,1909f56bfc062723c751e8b465ee728b)
Start importing Assets/tictactoe.cs using Guid(34e51a786787181458d7cf0e21384b27) Importer(815301076,1909f56bfc062723c751e8b465ee728b)  -> (artifact id: '00000000000000000000000000000000') in 0.000248 seconds  code(4) message(Build asset version error: assets/tictactoe.cs in SourceAssetDB has modification time of '2021-09-18T09:04:56.6970548Z' while content on disk has modification time of '2021-09-18T11:21:38.5979468Z')
  ERROR: Build asset version error: assets/tictactoe.cs in SourceAssetDB has modification time of '2021-09-18T09:04:56.6970548Z' while content on disk has modification time of '2021-09-18T11:21:38.5979468Z'
  Import took 0.001944 seconds .

========================================================================
Received Import Request.
  Time since last request: 0.014127 seconds.
  path: Assets/tictactoe.cs
  artifactKey: Guid(34e51a786787181458d7cf0e21384b27) Importer(815301076,1909f56bfc062723c751e8b465ee728b)
Start importing Assets/tictactoe.cs using Guid(34e51a786787181458d7cf0e21384b27) Importer(815301076,1909f56bfc062723c751e8b465ee728b)  -> (artifact id: '00000000000000000000000000000000') in 0.000432 seconds  code(4) message(Build asset version error: assets/tictactoe.cs in SourceAssetDB has modification time of '2021-09-18T09:04:56.6970548Z' while content on disk has modification time of '2021-09-18T11:21:38.5979468Z')
  ERROR: Build asset version error: assets/tictactoe.cs in SourceAssetDB has modification time of '2021-09-18T09:04:56.6970548Z' while content on disk has modification time of '2021-09-18T11:21:38.5979468Z'
  Import took 0.004452 seconds .

========================================================================
Received Import Request.
  Time since last request: 0.019396 seconds.
  path: Assets/tictactoe.cs
  artifactKey: Guid(34e51a786787181458d7cf0e21384b27) Importer(815301076,1909f56bfc062723c751e8b465ee728b)
Start importing Assets/tictactoe.cs using Guid(34e51a786787181458d7cf0e21384b27) Importer(815301076,1909f56bfc062723c751e8b465ee728b)  -> (artifact id: '00000000000000000000000000000000') in 0.000402 seconds  code(4) message(Build asset version error: assets/tictactoe.cs in SourceAssetDB has modification time of '2021-09-18T09:04:56.6970548Z' while content on disk has modification time of '2021-09-18T11:21:38.5979468Z')
  ERROR: Build asset version error: assets/tictactoe.cs in SourceAssetDB has modification time of '2021-09-18T09:04:56.6970548Z' while content on disk has modification time of '2021-09-18T11:21:38.5979468Z'
  Import took 0.002400 seconds .

========================================================================
Received Import Request.
  Time since last request: 0.016141 seconds.
  path: Assets/tictactoe.cs
  artifactKey: Guid(34e51a786787181458d7cf0e21384b27) Importer(815301076,1909f56bfc062723c751e8b465ee728b)
Start importing Assets/tictactoe.cs using Guid(34e51a786787181458d7cf0e21384b27) Importer(815301076,1909f56bfc062723c751e8b465ee728b)  -> (artifact id: '00000000000000000000000000000000') in 0.000422 seconds  code(4) message(Build asset version error: assets/tictactoe.cs in SourceAssetDB has modification time of '2021-09-18T09:04:56.6970548Z' while content on disk has modification time of '2021-09-18T11:21:38.5979468Z')
  ERROR: Build asset version error: assets/tictactoe.cs in SourceAssetDB has modification time of '2021-09-18T09:04:56.6970548Z' while content on disk has modification time of '2021-09-18T11:21:38.5979468Z'
  Import took 0.002645 seconds .

========================================================================
Received Import Request.
  Time since last request: 0.015486 seconds.
  path: Assets/tictactoe.cs
  artifactKey: Guid(34e51a786787181458d7cf0e21384b27) Importer(815301076,1909f56bfc062723c751e8b465ee728b)
Start importing Assets/tictactoe.cs using Guid(34e51a786787181458d7cf0e21384b27) Importer(815301076,1909f56bfc062723c751e8b465ee728b)  -> (artifact id: '00000000000000000000000000000000') in 0.000399 seconds  code(4) message(Build asset version error: assets/tictactoe.cs in SourceAssetDB has modification time of '2021-09-18T09:04:56.6970548Z' while content on disk has modification time of '2021-09-18T11:21:38.5979468Z')
  ERROR: Build asset version error: assets/tictactoe.cs in SourceAssetDB has modification time of '2021-09-18T09:04:56.6970548Z' while content on disk has modification time of '2021-09-18T11:21:38.5979468Z'
  Import took 0.003661 seconds .

========================================================================
Received Import Request.
  Time since last request: 0.010275 seconds.
  path: Assets/tictactoe.cs
  artifactKey: Guid(34e51a786787181458d7cf0e21384b27) Importer(815301076,1909f56bfc062723c751e8b465ee728b)
Start importing Assets/tictactoe.cs using Guid(34e51a786787181458d7cf0e21384b27) Importer(815301076,1909f56bfc062723c751e8b465ee728b)  -> (artifact id: '00000000000000000000000000000000') in 0.000320 seconds  code(4) message(Build asset version error: assets/tictactoe.cs in SourceAssetDB has modification time of '2021-09-18T09:04:56.6970548Z' while content on disk has modification time of '2021-09-18T11:21:38.5979468Z')
  ERROR: Build asset version error: assets/tictactoe.cs in SourceAssetDB has modification time of '2021-09-18T09:04:56.6970548Z' while content on disk has modification time of '2021-09-18T11:21:38.5979468Z'
  Import took 0.002593 seconds .

========================================================================
Received Import Request.
  Time since last request: 0.015218 seconds.
  path: Assets/tictactoe.cs
  artifactKey: Guid(34e51a786787181458d7cf0e21384b27) Importer(815301076,1909f56bfc062723c751e8b465ee728b)
Start importing Assets/tictactoe.cs using Guid(34e51a786787181458d7cf0e21384b27) Importer(815301076,1909f56bfc062723c751e8b465ee728b)  -> (artifact id: '00000000000000000000000000000000') in 0.000320 seconds  code(4) message(Build asset version error: assets/tictactoe.cs in SourceAssetDB has modification time of '2021-09-18T09:04:56.6970548Z' while content on disk has modification time of '2021-09-18T11:21:38.5979468Z')
  ERROR: Build asset version error: assets/tictactoe.cs in SourceAssetDB has modification time of '2021-09-18T09:04:56.6970548Z' while content on disk has modification time of '2021-09-18T11:21:38.5979468Z'
  Import took 0.002721 seconds .

========================================================================
Received Import Request.
  Time since last request: 0.012186 seconds.
  path: Assets/tictactoe.cs
  artifactKey: Guid(34e51a786787181458d7cf0e21384b27) Importer(815301076,1909f56bfc062723c751e8b465ee728b)
Start importing Assets/tictactoe.cs using Guid(34e51a786787181458d7cf0e21384b27) Importer(815301076,1909f56bfc062723c751e8b465ee728b)  -> (artifact id: '00000000000000000000000000000000') in 0.000345 seconds  code(4) message(Build asset version error: assets/tictactoe.cs in SourceAssetDB has modification time of '2021-09-18T09:04:56.6970548Z' while content on disk has modification time of '2021-09-18T11:21:38.5979468Z')
  ERROR: Build asset version error: assets/tictactoe.cs in SourceAssetDB has modification time of '2021-09-18T09:04:56.6970548Z' while content on disk has modification time of '2021-09-18T11:21:38.5979468Z'
  Import took 0.002986 seconds .

========================================================================
Received Import Request.
  Time since last request: 0.012852 seconds.
  path: Assets/tictactoe.cs
  artifactKey: Guid(34e51a786787181458d7cf0e21384b27) Importer(815301076,1909f56bfc062723c751e8b465ee728b)
Start importing Assets/tictactoe.cs using Guid(34e51a786787181458d7cf0e21384b27) Importer(815301076,1909f56bfc062723c751e8b465ee728b)  -> (artifact id: '00000000000000000000000000000000') in 0.000273 seconds  code(4) message(Build asset version error: assets/tictactoe.cs in SourceAssetDB has modification time of '2021-09-18T09:04:56.6970548Z' while content on disk has modification time of '2021-09-18T11:21:38.5979468Z')
  ERROR: Build asset version error: assets/tictactoe.cs in SourceAssetDB has modification time of '2021-09-18T09:04:56.6970548Z' while content on disk has modification time of '2021-09-18T11:21:38.5979468Z'
  Import took 0.002276 seconds .

========================================================================
Received Import Request.
  Time since last request: 0.014183 seconds.
  path: Assets/tictactoe.cs
  artifactKey: Guid(34e51a786787181458d7cf0e21384b27) Importer(815301076,1909f56bfc062723c751e8b465ee728b)
Start importing Assets/tictactoe.cs using Guid(34e51a786787181458d7cf0e21384b27) Importer(815301076,1909f56bfc062723c751e8b465ee728b)  -> (artifact id: '00000000000000000000000000000000') in 0.000357 seconds  code(4) message(Build asset version error: assets/tictactoe.cs in SourceAssetDB has modification time of '2021-09-18T09:04:56.6970548Z' while content on disk has modification time of '2021-09-18T11:21:38.5979468Z')
  ERROR: Build asset version error: assets/tictactoe.cs in SourceAssetDB has modification time of '2021-09-18T09:04:56.6970548Z' while content on disk has modification time of '2021-09-18T11:21:38.5979468Z'
  Import took 0.002827 seconds .

========================================================================
Received Import Request.
  Time since last request: 0.014644 seconds.
  path: Assets/tictactoe.cs
  artifactKey: Guid(34e51a786787181458d7cf0e21384b27) Importer(815301076,1909f56bfc062723c751e8b465ee728b)
Start importing Assets/tictactoe.cs using Guid(34e51a786787181458d7cf0e21384b27) Importer(815301076,1909f56bfc062723c751e8b465ee728b)  -> (artifact id: '00000000000000000000000000000000') in 0.000478 seconds  code(4) message(Build asset version error: assets/tictactoe.cs in SourceAssetDB has modification time of '2021-09-18T09:04:56.6970548Z' while content on disk has modification time of '2021-09-18T11:21:38.5979468Z')
  ERROR: Build asset version error: assets/tictactoe.cs in SourceAssetDB has modification time of '2021-09-18T09:04:56.6970548Z' while content on disk has modification time of '2021-09-18T11:21:38.5979468Z'
  Import took 0.003334 seconds .

========================================================================
Received Import Request.
  Time since last request: 0.010478 seconds.
  path: Assets/tictactoe.cs
  artifactKey: Guid(34e51a786787181458d7cf0e21384b27) Importer(815301076,1909f56bfc062723c751e8b465ee728b)
Start importing Assets/tictactoe.cs using Guid(34e51a786787181458d7cf0e21384b27) Importer(815301076,1909f56bfc062723c751e8b465ee728b)  -> (artifact id: '00000000000000000000000000000000') in 0.000334 seconds  code(4) message(Build asset version error: assets/tictactoe.cs in SourceAssetDB has modification time of '2021-09-18T09:04:56.6970548Z' while content on disk has modification time of '2021-09-18T11:21:38.5979468Z')
  ERROR: Build asset version error: assets/tictactoe.cs in SourceAssetDB has modification time of '2021-09-18T09:04:56.6970548Z' while content on disk has modification time of '2021-09-18T11:21:38.5979468Z'
  Import took 0.003114 seconds .

========================================================================
Received Import Request.
  Time since last request: 0.013286 seconds.
  path: Assets/tictactoe.cs
  artifactKey: Guid(34e51a786787181458d7cf0e21384b27) Importer(815301076,1909f56bfc062723c751e8b465ee728b)
Start importing Assets/tictactoe.cs using Guid(34e51a786787181458d7cf0e21384b27) Importer(815301076,1909f56bfc062723c751e8b465ee728b)  -> (artifact id: '00000000000000000000000000000000') in 0.000327 seconds  code(4) message(Build asset version error: assets/tictactoe.cs in SourceAssetDB has modification time of '2021-09-18T09:04:56.6970548Z' while content on disk has modification time of '2021-09-18T11:21:38.5979468Z')
  ERROR: Build asset version error: assets/tictactoe.cs in SourceAssetDB has modification time of '2021-09-18T09:04:56.6970548Z' while content on disk has modification time of '2021-09-18T11:21:38.5979468Z'
  Import took 0.002530 seconds .

========================================================================
Received Import Request.
  Time since last request: 0.014698 seconds.
  path: Assets/tictactoe.cs
  artifactKey: Guid(34e51a786787181458d7cf0e21384b27) Importer(815301076,1909f56bfc062723c751e8b465ee728b)
Start importing Assets/tictactoe.cs using Guid(34e51a786787181458d7cf0e21384b27) Importer(815301076,1909f56bfc062723c751e8b465ee728b)  -> (artifact id: '00000000000000000000000000000000') in 0.000287 seconds  code(4) message(Build asset version error: assets/tictactoe.cs in SourceAssetDB has modification time of '2021-09-18T09:04:56.6970548Z' while content on disk has modification time of '2021-09-18T11:21:38.5979468Z')
  ERROR: Build asset version error: assets/tictactoe.cs in SourceAssetDB has modification time of '2021-09-18T09:04:56.6970548Z' while content on disk has modification time of '2021-09-18T11:21:38.5979468Z'
  Import took 0.002458 seconds .

========================================================================
Received Import Request.
  Time since last request: 0.012783 seconds.
  path: Assets/tictactoe.cs
  artifactKey: Guid(34e51a786787181458d7cf0e21384b27) Importer(815301076,1909f56bfc062723c751e8b465ee728b)
Start importing Assets/tictactoe.cs using Guid(34e51a786787181458d7cf0e21384b27) Importer(815301076,1909f56bfc062723c751e8b465ee728b)  -> (artifact id: '00000000000000000000000000000000') in 0.000298 seconds  code(4) message(Build asset version error: assets/tictactoe.cs in SourceAssetDB has modification time of '2021-09-18T09:04:56.6970548Z' while content on disk has modification time of '2021-09-18T11:21:38.5979468Z')
  ERROR: Build asset version error: assets/tictactoe.cs in SourceAssetDB has modification time of '2021-09-18T09:04:56.6970548Z' while content on disk has modification time of '2021-09-18T11:21:38.5979468Z'
  Import took 0.002475 seconds .

========================================================================
Received Import Request.
  Time since last request: 0.012879 seconds.
  path: Assets/tictactoe.cs
  artifactKey: Guid(34e51a786787181458d7cf0e21384b27) Importer(815301076,1909f56bfc062723c751e8b465ee728b)
Start importing Assets/tictactoe.cs using Guid(34e51a786787181458d7cf0e21384b27) Importer(815301076,1909f56bfc062723c751e8b465ee728b)  -> (artifact id: '00000000000000000000000000000000') in 0.000299 seconds  code(4) message(Build asset version error: assets/tictactoe.cs in SourceAssetDB has modification time of '2021-09-18T09:04:56.6970548Z' while content on disk has modification time of '2021-09-18T11:21:38.5979468Z')
  ERROR: Build asset version error: assets/tictactoe.cs in SourceAssetDB has modification time of '2021-09-18T09:04:56.6970548Z' while content on disk has modification time of '2021-09-18T11:21:38.5979468Z'
  Import took 0.002223 seconds .

========================================================================
Received Import Request.
  Time since last request: 0.016383 seconds.
  path: Assets/tictactoe.cs
  artifactKey: Guid(34e51a786787181458d7cf0e21384b27) Importer(815301076,1909f56bfc062723c751e8b465ee728b)
Start importing Assets/tictactoe.cs using Guid(34e51a786787181458d7cf0e21384b27) Importer(815301076,1909f56bfc062723c751e8b465ee728b)  -> (artifact id: '00000000000000000000000000000000') in 0.000282 seconds  code(4) message(Build asset version error: assets/tictactoe.cs in SourceAssetDB has modification time of '2021-09-18T09:04:56.6970548Z' while content on disk has modification time of '2021-09-18T11:21:38.5979468Z')
  ERROR: Build asset version error: assets/tictactoe.cs in SourceAssetDB has modification time of '2021-09-18T09:04:56.6970548Z' while content on disk has modification time of '2021-09-18T11:21:38.5979468Z'
  Import took 0.002092 seconds .

========================================================================
Received Import Request.
  Time since last request: 0.013880 seconds.
  path: Assets/tictactoe.cs
  artifactKey: Guid(34e51a786787181458d7cf0e21384b27) Importer(815301076,1909f56bfc062723c751e8b465ee728b)
Start importing Assets/tictactoe.cs using Guid(34e51a786787181458d7cf0e21384b27) Importer(815301076,1909f56bfc062723c751e8b465ee728b)  -> (artifact id: '00000000000000000000000000000000') in 0.000377 seconds  code(4) message(Build asset version error: assets/tictactoe.cs in SourceAssetDB has modification time of '2021-09-18T09:04:56.6970548Z' while content on disk has modification time of '2021-09-18T11:21:38.5979468Z')
  ERROR: Build asset version error: assets/tictactoe.cs in SourceAssetDB has modification time of '2021-09-18T09:04:56.6970548Z' while content on disk has modification time of '2021-09-18T11:21:38.5979468Z'
  Import took 0.002961 seconds .

========================================================================
Received Import Request.
  Time since last request: 0.014216 seconds.
  path: Assets/tictactoe.cs
  artifactKey: Guid(34e51a786787181458d7cf0e21384b27) Importer(815301076,1909f56bfc062723c751e8b465ee728b)
Start importing Assets/tictactoe.cs using Guid(34e51a786787181458d7cf0e21384b27) Importer(815301076,1909f56bfc062723c751e8b465ee728b)  -> (artifact id: '00000000000000000000000000000000') in 0.000514 seconds  code(4) message(Build asset version error: assets/tictactoe.cs in SourceAssetDB has modification time of '2021-09-18T09:04:56.6970548Z' while content on disk has modification time of '2021-09-18T11:21:38.5979468Z')
  ERROR: Build asset version error: assets/tictactoe.cs in SourceAssetDB has modification time of '2021-09-18T09:04:56.6970548Z' while content on disk has modification time of '2021-09-18T11:21:38.5979468Z'
  Import took 0.004083 seconds .

========================================================================
Received Import Request.
  Time since last request: 0.015310 seconds.
  path: Assets/tictactoe.cs
  artifactKey: Guid(34e51a786787181458d7cf0e21384b27) Importer(815301076,1909f56bfc062723c751e8b465ee728b)
Start importing Assets/tictactoe.cs using Guid(34e51a786787181458d7cf0e21384b27) Importer(815301076,1909f56bfc062723c751e8b465ee728b)  -> (artifact id: '00000000000000000000000000000000') in 0.000364 seconds  code(4) message(Build asset version error: assets/tictactoe.cs in SourceAssetDB has modification time of '2021-09-18T09:04:56.6970548Z' while content on disk has modification time of '2021-09-18T11:21:38.5979468Z')
  ERROR: Build asset version error: assets/tictactoe.cs in SourceAssetDB has modification time of '2021-09-18T09:04:56.6970548Z' while content on disk has modification time of '2021-09-18T11:21:38.5979468Z'
  Import took 0.002741 seconds .

========================================================================
Received Import Request.
  Time since last request: 0.015217 seconds.
  path: Assets/tictactoe.cs
  artifactKey: Guid(34e51a786787181458d7cf0e21384b27) Importer(815301076,1909f56bfc062723c751e8b465ee728b)
Start importing Assets/tictactoe.cs using Guid(34e51a786787181458d7cf0e21384b27) Importer(815301076,1909f56bfc062723c751e8b465ee728b)  -> (artifact id: '00000000000000000000000000000000') in 0.000380 seconds  code(4) message(Build asset version error: assets/tictactoe.cs in SourceAssetDB has modification time of '2021-09-18T09:04:56.6970548Z' while content on disk has modification time of '2021-09-18T11:21:38.5979468Z')
  ERROR: Build asset version error: assets/tictactoe.cs in SourceAssetDB has modification time of '2021-09-18T09:04:56.6970548Z' while content on disk has modification time of '2021-09-18T11:21:38.5979468Z'
  Import took 0.002878 seconds .

========================================================================
Received Import Request.
  Time since last request: 0.013795 seconds.
  path: Assets/tictactoe.cs
  artifactKey: Guid(34e51a786787181458d7cf0e21384b27) Importer(815301076,1909f56bfc062723c751e8b465ee728b)
Start importing Assets/tictactoe.cs using Guid(34e51a786787181458d7cf0e21384b27) Importer(815301076,1909f56bfc062723c751e8b465ee728b)  -> (artifact id: '00000000000000000000000000000000') in 0.000523 seconds  code(4) message(Build asset version error: assets/tictactoe.cs in SourceAssetDB has modification time of '2021-09-18T09:04:56.6970548Z' while content on disk has modification time of '2021-09-18T11:21:38.5979468Z')
  ERROR: Build asset version error: assets/tictactoe.cs in SourceAssetDB has modification time of '2021-09-18T09:04:56.6970548Z' while content on disk has modification time of '2021-09-18T11:21:38.5979468Z'
  Import took 0.003615 seconds .

========================================================================
Received Import Request.
  Time since last request: 0.011533 seconds.
  path: Assets/tictactoe.cs
  artifactKey: Guid(34e51a786787181458d7cf0e21384b27) Importer(815301076,1909f56bfc062723c751e8b465ee728b)
Start importing Assets/tictactoe.cs using Guid(34e51a786787181458d7cf0e21384b27) Importer(815301076,1909f56bfc062723c751e8b465ee728b)  -> (artifact id: '00000000000000000000000000000000') in 0.000330 seconds  code(4) message(Build asset version error: assets/tictactoe.cs in SourceAssetDB has modification time of '2021-09-18T09:04:56.6970548Z' while content on disk has modification time of '2021-09-18T11:21:38.5979468Z')
  ERROR: Build asset version error: assets/tictactoe.cs in SourceAssetDB has modification time of '2021-09-18T09:04:56.6970548Z' while content on disk has modification time of '2021-09-18T11:21:38.5979468Z'
  Import took 0.003101 seconds .

========================================================================
Received Import Request.
  Time since last request: 0.020472 seconds.
  path: Assets/tictactoe.cs
  artifactKey: Guid(34e51a786787181458d7cf0e21384b27) Importer(815301076,1909f56bfc062723c751e8b465ee728b)
Start importing Assets/tictactoe.cs using Guid(34e51a786787181458d7cf0e21384b27) Importer(815301076,1909f56bfc062723c751e8b465ee728b)  -> (artifact id: '00000000000000000000000000000000') in 0.000253 seconds  code(4) message(Build asset version error: assets/tictactoe.cs in SourceAssetDB has modification time of '2021-09-18T09:04:56.6970548Z' while content on disk has modification time of '2021-09-18T11:21:38.5979468Z')
  ERROR: Build asset version error: assets/tictactoe.cs in SourceAssetDB has modification time of '2021-09-18T09:04:56.6970548Z' while content on disk has modification time of '2021-09-18T11:21:38.5979468Z'
  Import took 0.001929 seconds .

========================================================================
Received Import Request.
  Time since last request: 0.013073 seconds.
  path: Assets/tictactoe.cs
  artifactKey: Guid(34e51a786787181458d7cf0e21384b27) Importer(815301076,1909f56bfc062723c751e8b465ee728b)
Start importing Assets/tictactoe.cs using Guid(34e51a786787181458d7cf0e21384b27) Importer(815301076,1909f56bfc062723c751e8b465ee728b)  -> (artifact id: '00000000000000000000000000000000') in 0.000254 seconds  code(4) message(Build asset version error: assets/tictactoe.cs in SourceAssetDB has modification time of '2021-09-18T09:04:56.6970548Z' while content on disk has modification time of '2021-09-18T11:21:38.5979468Z')
  ERROR: Build asset version error: assets/tictactoe.cs in SourceAssetDB has modification time of '2021-09-18T09:04:56.6970548Z' while content on disk has modification time of '2021-09-18T11:21:38.5979468Z'
  Import took 0.001948 seconds .

========================================================================
Received Import Request.
  Time since last request: 0.012470 seconds.
  path: Assets/tictactoe.cs
  artifactKey: Guid(34e51a786787181458d7cf0e21384b27) Importer(815301076,1909f56bfc062723c751e8b465ee728b)
Start importing Assets/tictactoe.cs using Guid(34e51a786787181458d7cf0e21384b27) Importer(815301076,1909f56bfc062723c751e8b465ee728b)  -> (artifact id: '00000000000000000000000000000000') in 0.000474 seconds  code(4) message(Build asset version error: assets/tictactoe.cs in SourceAssetDB has modification time of '2021-09-18T09:04:56.6970548Z' while content on disk has modification time of '2021-09-18T11:21:38.5979468Z')
  ERROR: Build asset version error: assets/tictactoe.cs in SourceAssetDB has modification time of '2021-09-18T09:04:56.6970548Z' while content on disk has modification time of '2021-09-18T11:21:38.5979468Z'
  Import took 0.004385 seconds .

========================================================================
Received Import Request.
  Time since last request: 0.015760 seconds.
  path: Assets/tictactoe.cs
  artifactKey: Guid(34e51a786787181458d7cf0e21384b27) Importer(815301076,1909f56bfc062723c751e8b465ee728b)
Start importing Assets/tictactoe.cs using Guid(34e51a786787181458d7cf0e21384b27) Importer(815301076,1909f56bfc062723c751e8b465ee728b)  -> (artifact id: '00000000000000000000000000000000') in 0.000392 seconds  code(4) message(Build asset version error: assets/tictactoe.cs in SourceAssetDB has modification time of '2021-09-18T09:04:56.6970548Z' while content on disk has modification time of '2021-09-18T11:21:38.5979468Z')
  ERROR: Build asset version error: assets/tictactoe.cs in SourceAssetDB has modification time of '2021-09-18T09:04:56.6970548Z' while content on disk has modification time of '2021-09-18T11:21:38.5979468Z'
  Import took 0.003143 seconds .

========================================================================
Received Import Request.
  Time since last request: 0.022908 seconds.
  path: Assets/tictactoe.cs
  artifactKey: Guid(34e51a786787181458d7cf0e21384b27) Importer(815301076,1909f56bfc062723c751e8b465ee728b)
Start importing Assets/tictactoe.cs using Guid(34e51a786787181458d7cf0e21384b27) Importer(815301076,1909f56bfc062723c751e8b465ee728b)  -> (artifact id: '00000000000000000000000000000000') in 0.000901 seconds  code(4) message(Build asset version error: assets/tictactoe.cs in SourceAssetDB has modification time of '2021-09-18T09:04:56.6970548Z' while content on disk has modification time of '2021-09-18T11:21:38.5979468Z')
  ERROR: Build asset version error: assets/tictactoe.cs in SourceAssetDB has modification time of '2021-09-18T09:04:56.6970548Z' while content on disk has modification time of '2021-09-18T11:21:38.5979468Z'
  Import took 0.005198 seconds .

========================================================================
Received Import Request.
  Time since last request: 0.015710 seconds.
  path: Assets/tictactoe.cs
  artifactKey: Guid(34e51a786787181458d7cf0e21384b27) Importer(815301076,1909f56bfc062723c751e8b465ee728b)
Start importing Assets/tictactoe.cs using Guid(34e51a786787181458d7cf0e21384b27) Importer(815301076,1909f56bfc062723c751e8b465ee728b)  -> (artifact id: '00000000000000000000000000000000') in 0.000532 seconds  code(4) message(Build asset version error: assets/tictactoe.cs in SourceAssetDB has modification time of '2021-09-18T09:04:56.6970548Z' while content on disk has modification time of '2021-09-18T11:21:38.5979468Z')
  ERROR: Build asset version error: assets/tictactoe.cs in SourceAssetDB has modification time of '2021-09-18T09:04:56.6970548Z' while content on disk has modification time of '2021-09-18T11:21:38.5979468Z'
  Import took 0.004008 seconds .

========================================================================
Received Import Request.
  Time since last request: 0.017585 seconds.
  path: Assets/tictactoe.cs
  artifactKey: Guid(34e51a786787181458d7cf0e21384b27) Importer(815301076,1909f56bfc062723c751e8b465ee728b)
Start importing Assets/tictactoe.cs using Guid(34e51a786787181458d7cf0e21384b27) Importer(815301076,1909f56bfc062723c751e8b465ee728b)  -> (artifact id: '00000000000000000000000000000000') in 0.000391 seconds  code(4) message(Build asset version error: assets/tictactoe.cs in SourceAssetDB has modification time of '2021-09-18T09:04:56.6970548Z' while content on disk has modification time of '2021-09-18T11:21:38.5979468Z')
  ERROR: Build asset version error: assets/tictactoe.cs in SourceAssetDB has modification time of '2021-09-18T09:04:56.6970548Z' while content on disk has modification time of '2021-09-18T11:21:38.5979468Z'
  Import took 0.004380 seconds .

========================================================================
Received Import Request.
  Time since last request: 0.021670 seconds.
  path: Assets/tictactoe.cs
  artifactKey: Guid(34e51a786787181458d7cf0e21384b27) Importer(815301076,1909f56bfc062723c751e8b465ee728b)
Start importing Assets/tictactoe.cs using Guid(34e51a786787181458d7cf0e21384b27) Importer(815301076,1909f56bfc062723c751e8b465ee728b)  -> (artifact id: '00000000000000000000000000000000') in 0.000512 seconds  code(4) message(Build asset version error: assets/tictactoe.cs in SourceAssetDB has modification time of '2021-09-18T09:04:56.6970548Z' while content on disk has modification time of '2021-09-18T11:21:38.5979468Z')
  ERROR: Build asset version error: assets/tictactoe.cs in SourceAssetDB has modification time of '2021-09-18T09:04:56.6970548Z' while content on disk has modification time of '2021-09-18T11:21:38.5979468Z'
  Import took 0.005541 seconds .

========================================================================
Received Import Request.
  Time since last request: 0.021329 seconds.
  path: Assets/tictactoe.cs
  artifactKey: Guid(34e51a786787181458d7cf0e21384b27) Importer(815301076,1909f56bfc062723c751e8b465ee728b)
Start importing Assets/tictactoe.cs using Guid(34e51a786787181458d7cf0e21384b27) Importer(815301076,1909f56bfc062723c751e8b465ee728b)  -> (artifact id: '00000000000000000000000000000000') in 0.000342 seconds  code(4) message(Build asset version error: assets/tictactoe.cs in SourceAssetDB has modification time of '2021-09-18T09:04:56.6970548Z' while content on disk has modification time of '2021-09-18T11:21:38.5979468Z')
  ERROR: Build asset version error: assets/tictactoe.cs in SourceAssetDB has modification time of '2021-09-18T09:04:56.6970548Z' while content on disk has modification time of '2021-09-18T11:21:38.5979468Z'
  Import took 0.002736 seconds .

========================================================================
Received Import Request.
  Time since last request: 0.020815 seconds.
  path: Assets/tictactoe.cs
  artifactKey: Guid(34e51a786787181458d7cf0e21384b27) Importer(815301076,1909f56bfc062723c751e8b465ee728b)
Start importing Assets/tictactoe.cs using Guid(34e51a786787181458d7cf0e21384b27) Importer(815301076,1909f56bfc062723c751e8b465ee728b)  -> (artifact id: '00000000000000000000000000000000') in 0.000466 seconds  code(4) message(Build asset version error: assets/tictactoe.cs in SourceAssetDB has modification time of '2021-09-18T09:04:56.6970548Z' while content on disk has modification time of '2021-09-18T11:21:38.5979468Z')
  ERROR: Build asset version error: assets/tictactoe.cs in SourceAssetDB has modification time of '2021-09-18T09:04:56.6970548Z' while content on disk has modification time of '2021-09-18T11:21:38.5979468Z'
  Import took 0.005505 seconds .

========================================================================
Received Import Request.
  Time since last request: 0.019237 seconds.
  path: Assets/tictactoe.cs
  artifactKey: Guid(34e51a786787181458d7cf0e21384b27) Importer(815301076,1909f56bfc062723c751e8b465ee728b)
Start importing Assets/tictactoe.cs using Guid(34e51a786787181458d7cf0e21384b27) Importer(815301076,1909f56bfc062723c751e8b465ee728b)  -> (artifact id: '00000000000000000000000000000000') in 0.000404 seconds  code(4) message(Build asset version error: assets/tictactoe.cs in SourceAssetDB has modification time of '2021-09-18T09:04:56.6970548Z' while content on disk has modification time of '2021-09-18T11:21:38.5979468Z')
  ERROR: Build asset version error: assets/tictactoe.cs in SourceAssetDB has modification time of '2021-09-18T09:04:56.6970548Z' while content on disk has modification time of '2021-09-18T11:21:38.5979468Z'
  Import took 0.003540 seconds .

========================================================================
Received Import Request.
  Time since last request: 0.015635 seconds.
  path: Assets/tictactoe.cs
  artifactKey: Guid(34e51a786787181458d7cf0e21384b27) Importer(815301076,1909f56bfc062723c751e8b465ee728b)
Start importing Assets/tictactoe.cs using Guid(34e51a786787181458d7cf0e21384b27) Importer(815301076,1909f56bfc062723c751e8b465ee728b)  -> (artifact id: '00000000000000000000000000000000') in 0.000378 seconds  code(4) message(Build asset version error: assets/tictactoe.cs in SourceAssetDB has modification time of '2021-09-18T09:04:56.6970548Z' while content on disk has modification time of '2021-09-18T11:21:38.5979468Z')
  ERROR: Build asset version error: assets/tictactoe.cs in SourceAssetDB has modification time of '2021-09-18T09:04:56.6970548Z' while content on disk has modification time of '2021-09-18T11:21:38.5979468Z'
  Import took 0.002274 seconds .

========================================================================
Received Import Request.
  Time since last request: 0.022174 seconds.
  path: Assets/tictactoe.cs
  artifactKey: Guid(34e51a786787181458d7cf0e21384b27) Importer(815301076,1909f56bfc062723c751e8b465ee728b)
Start importing Assets/tictactoe.cs using Guid(34e51a786787181458d7cf0e21384b27) Importer(815301076,1909f56bfc062723c751e8b465ee728b)  -> (artifact id: '00000000000000000000000000000000') in 0.000355 seconds  code(4) message(Build asset version error: assets/tictactoe.cs in SourceAssetDB has modification time of '2021-09-18T09:04:56.6970548Z' while content on disk has modification time of '2021-09-18T11:21:38.5979468Z')
  ERROR: Build asset version error: assets/tictactoe.cs in SourceAssetDB has modification time of '2021-09-18T09:04:56.6970548Z' while content on disk has modification time of '2021-09-18T11:21:38.5979468Z'
  Import took 0.003056 seconds .

========================================================================
Received Import Request.
  Time since last request: 0.012550 seconds.
  path: Assets/tictactoe.cs
  artifactKey: Guid(34e51a786787181458d7cf0e21384b27) Importer(815301076,1909f56bfc062723c751e8b465ee728b)
Start importing Assets/tictactoe.cs using Guid(34e51a786787181458d7cf0e21384b27) Importer(815301076,1909f56bfc062723c751e8b465ee728b)  -> (artifact id: '00000000000000000000000000000000') in 0.000449 seconds  code(4) message(Build asset version error: assets/tictactoe.cs in SourceAssetDB has modification time of '2021-09-18T09:04:56.6970548Z' while content on disk has modification time of '2021-09-18T11:21:38.5979468Z')
  ERROR: Build asset version error: assets/tictactoe.cs in SourceAssetDB has modification time of '2021-09-18T09:04:56.6970548Z' while content on disk has modification time of '2021-09-18T11:21:38.5979468Z'
  Import took 0.004118 seconds .

========================================================================
Received Import Request.
  Time since last request: 0.119102 seconds.
  path: Assets/tictactoe.cs
  artifactKey: Guid(34e51a786787181458d7cf0e21384b27) Importer(815301076,1909f56bfc062723c751e8b465ee728b)
Start importing Assets/tictactoe.cs using Guid(34e51a786787181458d7cf0e21384b27) Importer(815301076,1909f56bfc062723c751e8b465ee728b)  -> (artifact id: '00000000000000000000000000000000') in 0.000353 seconds  code(4) message(Build asset version error: assets/tictactoe.cs in SourceAssetDB has modification time of '2021-09-18T09:04:56.6970548Z' while content on disk has modification time of '2021-09-18T11:21:38.5979468Z')
  ERROR: Build asset version error: assets/tictactoe.cs in SourceAssetDB has modification time of '2021-09-18T09:04:56.6970548Z' while content on disk has modification time of '2021-09-18T11:21:38.5979468Z'
  Import took 0.003421 seconds .

========================================================================
Received Import Request.
  Time since last request: 0.016007 seconds.
  path: Assets/tictactoe.cs
  artifactKey: Guid(34e51a786787181458d7cf0e21384b27) Importer(815301076,1909f56bfc062723c751e8b465ee728b)
Start importing Assets/tictactoe.cs using Guid(34e51a786787181458d7cf0e21384b27) Importer(815301076,1909f56bfc062723c751e8b465ee728b)  -> (artifact id: '00000000000000000000000000000000') in 0.000556 seconds  code(4) message(Build asset version error: assets/tictactoe.cs in SourceAssetDB has modification time of '2021-09-18T09:04:56.6970548Z' while content on disk has modification time of '2021-09-18T11:21:38.5979468Z')
  ERROR: Build asset version error: assets/tictactoe.cs in SourceAssetDB has modification time of '2021-09-18T09:04:56.6970548Z' while content on disk has modification time of '2021-09-18T11:21:38.5979468Z'
  Import took 0.004327 seconds .

========================================================================
Received Import Request.
  Time since last request: 0.016162 seconds.
  path: Assets/tictactoe.cs
  artifactKey: Guid(34e51a786787181458d7cf0e21384b27) Importer(815301076,1909f56bfc062723c751e8b465ee728b)
Start importing Assets/tictactoe.cs using Guid(34e51a786787181458d7cf0e21384b27) Importer(815301076,1909f56bfc062723c751e8b465ee728b)  -> (artifact id: '00000000000000000000000000000000') in 0.000522 seconds  code(4) message(Build asset version error: assets/tictactoe.cs in SourceAssetDB has modification time of '2021-09-18T09:04:56.6970548Z' while content on disk has modification time of '2021-09-18T11:21:38.5979468Z')
  ERROR: Build asset version error: assets/tictactoe.cs in SourceAssetDB has modification time of '2021-09-18T09:04:56.6970548Z' while content on disk has modification time of '2021-09-18T11:21:38.5979468Z'
  Import took 0.003664 seconds .

========================================================================
Received Import Request.
  Time since last request: 0.021657 seconds.
  path: Assets/tictactoe.cs
  artifactKey: Guid(34e51a786787181458d7cf0e21384b27) Importer(815301076,1909f56bfc062723c751e8b465ee728b)
Start importing Assets/tictactoe.cs using Guid(34e51a786787181458d7cf0e21384b27) Importer(815301076,1909f56bfc062723c751e8b465ee728b)  -> (artifact id: '00000000000000000000000000000000') in 0.000507 seconds  code(4) message(Build asset version error: assets/tictactoe.cs in SourceAssetDB has modification time of '2021-09-18T09:04:56.6970548Z' while content on disk has modification time of '2021-09-18T11:21:38.5979468Z')
  ERROR: Build asset version error: assets/tictactoe.cs in SourceAssetDB has modification time of '2021-09-18T09:04:56.6970548Z' while content on disk has modification time of '2021-09-18T11:21:38.5979468Z'
  Import took 0.003378 seconds .

========================================================================
Received Import Request.
  Time since last request: 0.017425 seconds.
  path: Assets/tictactoe.cs
  artifactKey: Guid(34e51a786787181458d7cf0e21384b27) Importer(815301076,1909f56bfc062723c751e8b465ee728b)
Start importing Assets/tictactoe.cs using Guid(34e51a786787181458d7cf0e21384b27) Importer(815301076,1909f56bfc062723c751e8b465ee728b)  -> (artifact id: '00000000000000000000000000000000') in 0.000680 seconds  code(4) message(Build asset version error: assets/tictactoe.cs in SourceAssetDB has modification time of '2021-09-18T09:04:56.6970548Z' while content on disk has modification time of '2021-09-18T11:21:38.5979468Z')
  ERROR: Build asset version error: assets/tictactoe.cs in SourceAssetDB has modification time of '2021-09-18T09:04:56.6970548Z' while content on disk has modification time of '2021-09-18T11:21:38.5979468Z'
  Import took 0.003790 seconds .

========================================================================
Received Import Request.
  Time since last request: 0.015893 seconds.
  path: Assets/tictactoe.cs
  artifactKey: Guid(34e51a786787181458d7cf0e21384b27) Importer(815301076,1909f56bfc062723c751e8b465ee728b)
Start importing Assets/tictactoe.cs using Guid(34e51a786787181458d7cf0e21384b27) Importer(815301076,1909f56bfc062723c751e8b465ee728b)  -> (artifact id: '00000000000000000000000000000000') in 0.000417 seconds  code(4) message(Build asset version error: assets/tictactoe.cs in SourceAssetDB has modification time of '2021-09-18T09:04:56.6970548Z' while content on disk has modification time of '2021-09-18T11:21:38.5979468Z')
  ERROR: Build asset version error: assets/tictactoe.cs in SourceAssetDB has modification time of '2021-09-18T09:04:56.6970548Z' while content on disk has modification time of '2021-09-18T11:21:38.5979468Z'
  Import took 0.003802 seconds .

========================================================================
Received Import Request.
  Time since last request: 0.016372 seconds.
  path: Assets/tictactoe.cs
  artifactKey: Guid(34e51a786787181458d7cf0e21384b27) Importer(815301076,1909f56bfc062723c751e8b465ee728b)
Start importing Assets/tictactoe.cs using Guid(34e51a786787181458d7cf0e21384b27) Importer(815301076,1909f56bfc062723c751e8b465ee728b)  -> (artifact id: '00000000000000000000000000000000') in 0.000297 seconds  code(4) message(Build asset version error: assets/tictactoe.cs in SourceAssetDB has modification time of '2021-09-18T09:04:56.6970548Z' while content on disk has modification time of '2021-09-18T11:21:38.5979468Z')
  ERROR: Build asset version error: assets/tictactoe.cs in SourceAssetDB has modification time of '2021-09-18T09:04:56.6970548Z' while content on disk has modification time of '2021-09-18T11:21:38.5979468Z'
  Import took 0.002159 seconds .

========================================================================
Received Import Request.
  Time since last request: 0.015050 seconds.
  path: Assets/tictactoe.cs
  artifactKey: Guid(34e51a786787181458d7cf0e21384b27) Importer(815301076,1909f56bfc062723c751e8b465ee728b)
Start importing Assets/tictactoe.cs using Guid(34e51a786787181458d7cf0e21384b27) Importer(815301076,1909f56bfc062723c751e8b465ee728b)  -> (artifact id: '00000000000000000000000000000000') in 0.000296 seconds  code(4) message(Build asset version error: assets/tictactoe.cs in SourceAssetDB has modification time of '2021-09-18T09:04:56.6970548Z' while content on disk has modification time of '2021-09-18T11:21:38.5979468Z')
  ERROR: Build asset version error: assets/tictactoe.cs in SourceAssetDB has modification time of '2021-09-18T09:04:56.6970548Z' while content on disk has modification time of '2021-09-18T11:21:38.5979468Z'
  Import took 0.002611 seconds .

========================================================================
Received Import Request.
  Time since last request: 0.022501 seconds.
  path: Assets/tictactoe.cs
  artifactKey: Guid(34e51a786787181458d7cf0e21384b27) Importer(815301076,1909f56bfc062723c751e8b465ee728b)
Start importing Assets/tictactoe.cs using Guid(34e51a786787181458d7cf0e21384b27) Importer(815301076,1909f56bfc062723c751e8b465ee728b)  -> (artifact id: '00000000000000000000000000000000') in 0.000386 seconds  code(4) message(Build asset version error: assets/tictactoe.cs in SourceAssetDB has modification time of '2021-09-18T09:04:56.6970548Z' while content on disk has modification time of '2021-09-18T11:21:38.5979468Z')
  ERROR: Build asset version error: assets/tictactoe.cs in SourceAssetDB has modification time of '2021-09-18T09:04:56.6970548Z' while content on disk has modification time of '2021-09-18T11:21:38.5979468Z'
  Import took 0.003322 seconds .

========================================================================
Received Import Request.
  Time since last request: 0.011588 seconds.
  path: Assets/tictactoe.cs
  artifactKey: Guid(34e51a786787181458d7cf0e21384b27) Importer(815301076,1909f56bfc062723c751e8b465ee728b)
Start importing Assets/tictactoe.cs using Guid(34e51a786787181458d7cf0e21384b27) Importer(815301076,1909f56bfc062723c751e8b465ee728b)  -> (artifact id: '00000000000000000000000000000000') in 0.000399 seconds  code(4) message(Build asset version error: assets/tictactoe.cs in SourceAssetDB has modification time of '2021-09-18T09:04:56.6970548Z' while content on disk has modification time of '2021-09-18T11:21:38.5979468Z')
  ERROR: Build asset version error: assets/tictactoe.cs in SourceAssetDB has modification time of '2021-09-18T09:04:56.6970548Z' while content on disk has modification time of '2021-09-18T11:21:38.5979468Z'
  Import took 0.003409 seconds .

========================================================================
Received Import Request.
  Time since last request: 0.014889 seconds.
  path: Assets/tictactoe.cs
  artifactKey: Guid(34e51a786787181458d7cf0e21384b27) Importer(815301076,1909f56bfc062723c751e8b465ee728b)
Start importing Assets/tictactoe.cs using Guid(34e51a786787181458d7cf0e21384b27) Importer(815301076,1909f56bfc062723c751e8b465ee728b)  -> (artifact id: '00000000000000000000000000000000') in 0.000447 seconds  code(4) message(Build asset version error: assets/tictactoe.cs in SourceAssetDB has modification time of '2021-09-18T09:04:56.6970548Z' while content on disk has modification time of '2021-09-18T11:21:38.5979468Z')
  ERROR: Build asset version error: assets/tictactoe.cs in SourceAssetDB has modification time of '2021-09-18T09:04:56.6970548Z' while content on disk has modification time of '2021-09-18T11:21:38.5979468Z'
  Import took 0.003025 seconds .

========================================================================
Received Import Request.
  Time since last request: 0.016729 seconds.
  path: Assets/tictactoe.cs
  artifactKey: Guid(34e51a786787181458d7cf0e21384b27) Importer(815301076,1909f56bfc062723c751e8b465ee728b)
Start importing Assets/tictactoe.cs using Guid(34e51a786787181458d7cf0e21384b27) Importer(815301076,1909f56bfc062723c751e8b465ee728b)  -> (artifact id: '00000000000000000000000000000000') in 0.000700 seconds  code(4) message(Build asset version error: assets/tictactoe.cs in SourceAssetDB has modification time of '2021-09-18T09:04:56.6970548Z' while content on disk has modification time of '2021-09-18T11:21:38.5979468Z')
  ERROR: Build asset version error: assets/tictactoe.cs in SourceAssetDB has modification time of '2021-09-18T09:04:56.6970548Z' while content on disk has modification time of '2021-09-18T11:21:38.5979468Z'
  Import took 0.005051 seconds .

========================================================================
Received Import Request.
  Time since last request: 0.024977 seconds.
  path: Assets/tictactoe.cs
  artifactKey: Guid(34e51a786787181458d7cf0e21384b27) Importer(815301076,1909f56bfc062723c751e8b465ee728b)
Start importing Assets/tictactoe.cs using Guid(34e51a786787181458d7cf0e21384b27) Importer(815301076,1909f56bfc062723c751e8b465ee728b)  -> (artifact id: '00000000000000000000000000000000') in 0.000383 seconds  code(4) message(Build asset version error: assets/tictactoe.cs in SourceAssetDB has modification time of '2021-09-18T09:04:56.6970548Z' while content on disk has modification time of '2021-09-18T11:21:38.5979468Z')
  ERROR: Build asset version error: assets/tictactoe.cs in SourceAssetDB has modification time of '2021-09-18T09:04:56.6970548Z' while content on disk has modification time of '2021-09-18T11:21:38.5979468Z'
  Import took 0.004125 seconds .

========================================================================
Received Import Request.
  Time since last request: 0.020254 seconds.
  path: Assets/tictactoe.cs
  artifactKey: Guid(34e51a786787181458d7cf0e21384b27) Importer(815301076,1909f56bfc062723c751e8b465ee728b)
Start importing Assets/tictactoe.cs using Guid(34e51a786787181458d7cf0e21384b27) Importer(815301076,1909f56bfc062723c751e8b465ee728b)  -> (artifact id: '00000000000000000000000000000000') in 0.000337 seconds  code(4) message(Build asset version error: assets/tictactoe.cs in SourceAssetDB has modification time of '2021-09-18T09:04:56.6970548Z' while content on disk has modification time of '2021-09-18T11:21:38.5979468Z')
  ERROR: Build asset version error: assets/tictactoe.cs in SourceAssetDB has modification time of '2021-09-18T09:04:56.6970548Z' while content on disk has modification time of '2021-09-18T11:21:38.5979468Z'
  Import took 0.002241 seconds .

========================================================================
Received Import Request.
  Time since last request: 0.015586 seconds.
  path: Assets/tictactoe.cs
  artifactKey: Guid(34e51a786787181458d7cf0e21384b27) Importer(815301076,1909f56bfc062723c751e8b465ee728b)
Start importing Assets/tictactoe.cs using Guid(34e51a786787181458d7cf0e21384b27) Importer(815301076,1909f56bfc062723c751e8b465ee728b)  -> (artifact id: '00000000000000000000000000000000') in 0.000453 seconds  code(4) message(Build asset version error: assets/tictactoe.cs in SourceAssetDB has modification time of '2021-09-18T09:04:56.6970548Z' while content on disk has modification time of '2021-09-18T11:21:38.5979468Z')
  ERROR: Build asset version error: assets/tictactoe.cs in SourceAssetDB has modification time of '2021-09-18T09:04:56.6970548Z' while content on disk has modification time of '2021-09-18T11:21:38.5979468Z'
  Import took 0.005147 seconds .

========================================================================
Received Import Request.
  Time since last request: 0.018890 seconds.
  path: Assets/tictactoe.cs
  artifactKey: Guid(34e51a786787181458d7cf0e21384b27) Importer(815301076,1909f56bfc062723c751e8b465ee728b)
Start importing Assets/tictactoe.cs using Guid(34e51a786787181458d7cf0e21384b27) Importer(815301076,1909f56bfc062723c751e8b465ee728b)  -> (artifact id: '00000000000000000000000000000000') in 0.000397 seconds  code(4) message(Build asset version error: assets/tictactoe.cs in SourceAssetDB has modification time of '2021-09-18T09:04:56.6970548Z' while content on disk has modification time of '2021-09-18T11:21:38.5979468Z')
  ERROR: Build asset version error: assets/tictactoe.cs in SourceAssetDB has modification time of '2021-09-18T09:04:56.6970548Z' while content on disk has modification time of '2021-09-18T11:21:38.5979468Z'
  Import took 0.007230 seconds .

========================================================================
Received Prepare
Registering precompiled user dll's ...
Registered in 0.003620 seconds.
Begin MonoManager ReloadAssembly
Native extension for WindowsStandalone target not found
Refreshing native plugins compatible for Editor in 0.28 ms, found 2 plugins.
Preloading 0 native plugins for Editor in 0.00 ms.
Mono: successfully reloaded assembly
- Completed reload, in  1.069 seconds
Domain Reload Profiling:
	ReloadAssembly (1069ms)
		BeginReloadAssembly (116ms)
			ExecutionOrderSort (0ms)
			DisableScriptedObjects (6ms)
			BackupInstance (0ms)
			ReleaseScriptingObjects (0ms)
			CreateAndSetChildDomain (37ms)
		EndReloadAssembly (888ms)
			LoadAssemblies (89ms)
			RebuildTransferFunctionScriptingTraits (0ms)
			SetupTypeCache (299ms)
			ReleaseScriptCaches (1ms)
			RebuildScriptCaches (43ms)
			SetupLoadedEditorAssemblies (362ms)
				LogAssemblyErrors (0ms)
				InitializePlatformSupportModulesInManaged (4ms)
				SetLoadedEditorAssemblies (0ms)
				RefreshPlugins (0ms)
				BeforeProcessingInitializeOnLoad (48ms)
				ProcessInitializeOnLoadAttributes (302ms)
				ProcessInitializeOnLoadMethodAttributes (4ms)
				AfterProcessingInitializeOnLoad (2ms)
				EditorAssembliesLoaded (0ms)
			ExecutionOrderSort2 (0ms)
			AwakeInstancesAfterBackupRestoration (8ms)
Platform modules already initialized, skipping
Refreshing native plugins compatible for Editor in 0.35 ms, found 2 plugins.
Preloading 0 native plugins for Editor in 0.00 ms.
Unloading 1392 Unused Serialized files (Serialized files now loaded: 0)
System memory in use before: 64.7 MB.
System memory in use after: 64.8 MB.

Unloading 13 unused Assets to reduce memory usage. Loaded Objects now: 1833.
Total: 3.747100 ms (FindLiveObjects: 0.337100 ms CreateObjectMapping: 0.057700 ms MarkObjects: 3.326600 ms  DeleteObjects: 0.024600 ms)

AssetImportParameters requested are different than current active one (requested -> active):
  custom:framework-win-MediaFoundation: 216162199b28c13a410421893ffa2e32 -> 
  custom:video-decoder-ogg-theora: a1e56fd34408186e4bbccfd4996cb3dc -> 
  custom:container-muxer-webm: aa71ff27fc2769a1b78a27578f13a17b -> 
  custom:container-demuxer-webm: 4f35f7cbe854078d1ac9338744f61a02 -> 
  custom:container-demuxer-ogg: 62fdf1f143b41e24485cea50d1cbac27 -> 
  custom:video-encoder-webm-vp8: eb34c28f22e8b96e1ab97ce403110664 -> 
  custom:video-decoder-webm-vp8: 9c59270c3fd7afecdb556c50c9e8de78 -> 
  custom:audio-decoder-ogg-vorbis: bf7c407c2cedff20999df2af8eb42d56 -> 
  custom:audio-encoder-webm-vorbis: bf7c407c2cedff20999df2af8eb42d56 -> 
========================================================================
Received Import Request.
  Time since last request: 4.590228 seconds.
  path: Assets/tictactoe.cs
  artifactKey: Guid(34e51a786787181458d7cf0e21384b27) Importer(815301076,1909f56bfc062723c751e8b465ee728b)
Start importing Assets/tictactoe.cs using Guid(34e51a786787181458d7cf0e21384b27) Importer(815301076,1909f56bfc062723c751e8b465ee728b)  -> (artifact id: '76fcb930191f4e01d13215b949d06967') in 0.008518 seconds 
  Import took 0.026613 seconds .

========================================================================
Received Import Request.
  Time since last request: 2.212012 seconds.
  path: Assets/tictactoe.cs
  artifactKey: Guid(34e51a786787181458d7cf0e21384b27) Importer(815301076,1909f56bfc062723c751e8b465ee728b)
Start importing Assets/tictactoe.cs using Guid(34e51a786787181458d7cf0e21384b27) Importer(815301076,1909f56bfc062723c751e8b465ee728b)  -> (artifact id: '76fcb930191f4e01d13215b949d06967') in 0.003147 seconds 
  Import took 0.005624 seconds .

========================================================================
Received Prepare
Registering precompiled user dll's ...
Registered in 0.003821 seconds.
Begin MonoManager ReloadAssembly
Native extension for WindowsStandalone target not found
Refreshing native plugins compatible for Editor in 0.45 ms, found 2 plugins.
Preloading 0 native plugins for Editor in 0.00 ms.
Mono: successfully reloaded assembly
- Completed reload, in  0.984 seconds
Domain Reload Profiling:
	ReloadAssembly (985ms)
		BeginReloadAssembly (94ms)
			ExecutionOrderSort (0ms)
			DisableScriptedObjects (5ms)
			BackupInstance (0ms)
			ReleaseScriptingObjects (0ms)
			CreateAndSetChildDomain (30ms)
		EndReloadAssembly (827ms)
			LoadAssemblies (76ms)
			RebuildTransferFunctionScriptingTraits (0ms)
			SetupTypeCache (255ms)
			ReleaseScriptCaches (1ms)
			RebuildScriptCaches (37ms)
			SetupLoadedEditorAssemblies (357ms)
				LogAssemblyErrors (0ms)
				InitializePlatformSupportModulesInManaged (5ms)
				SetLoadedEditorAssemblies (1ms)
				RefreshPlugins (1ms)
				BeforeProcessingInitializeOnLoad (44ms)
				ProcessInitializeOnLoadAttributes (301ms)
				ProcessInitializeOnLoadMethodAttributes (4ms)
				AfterProcessingInitializeOnLoad (2ms)
				EditorAssembliesLoaded (0ms)
			ExecutionOrderSort2 (0ms)
			AwakeInstancesAfterBackupRestoration (7ms)
Platform modules already initialized, skipping
Refreshing native plugins compatible for Editor in 0.35 ms, found 2 plugins.
Preloading 0 native plugins for Editor in 0.00 ms.
Unloading 1392 Unused Serialized files (Serialized files now loaded: 0)
System memory in use before: 64.7 MB.
System memory in use after: 64.8 MB.

Unloading 13 unused Assets to reduce memory usage. Loaded Objects now: 1835.
Total: 2.509400 ms (FindLiveObjects: 0.192700 ms CreateObjectMapping: 0.060200 ms MarkObjects: 2.240100 ms  DeleteObjects: 0.015500 ms)

AssetImportParameters requested are different than current active one (requested -> active):
  custom:framework-win-MediaFoundation: 216162199b28c13a410421893ffa2e32 -> 
  custom:video-decoder-ogg-theora: a1e56fd34408186e4bbccfd4996cb3dc -> 
  custom:container-muxer-webm: aa71ff27fc2769a1b78a27578f13a17b -> 
  custom:container-demuxer-webm: 4f35f7cbe854078d1ac9338744f61a02 -> 
  custom:container-demuxer-ogg: 62fdf1f143b41e24485cea50d1cbac27 -> 
  custom:video-encoder-webm-vp8: eb34c28f22e8b96e1ab97ce403110664 -> 
  custom:video-decoder-webm-vp8: 9c59270c3fd7afecdb556c50c9e8de78 -> 
  custom:audio-decoder-ogg-vorbis: bf7c407c2cedff20999df2af8eb42d56 -> 
  custom:audio-encoder-webm-vorbis: bf7c407c2cedff20999df2af8eb42d56 -> 
AssetImportWorkerClient::OnTransportError - code=2 error=End of file
